2023-06-30 00:35:45 -Shutting down ExecutorService 'applicationTaskExecutor'
2023-06-30 14:38:18 -Starting ServiceApplication on LAPTOP-LBEPBPBH with PID 11740 (E:\IntelliJ-IDEA-WorkPlace\im-system\service\target\classes started by 懒羊羊快递员 in E:\IntelliJ-IDEA-WorkPlace\im-system)
2023-06-30 14:38:18 -The following profiles are active: dev
2023-06-30 14:38:18 -Tomcat initialized with port(s): 8000 (http)
2023-06-30 14:38:18 -Initializing ProtocolHandler ["http-nio-8000"]
2023-06-30 14:38:18 -Starting service [Tomcat]
2023-06-30 14:38:18 -Starting Servlet engine: [Apache Tomcat/9.0.37]
2023-06-30 14:38:18 -Initializing Spring embedded WebApplicationContext
2023-06-30 14:38:18 -Root WebApplicationContext: initialization completed in 753 ms
2023-06-30 14:38:19 -Initializing ExecutorService 'applicationTaskExecutor'
2023-06-30 14:38:19 -Starting ProtocolHandler ["http-nio-8000"]
2023-06-30 14:38:19 -Tomcat started on port(s): 8000 (http) with context path ''
2023-06-30 14:38:19 -Started ServiceApplication in 2.029 seconds (JVM running for 2.698)
2023-06-30 14:40:24 -Shutting down ExecutorService 'applicationTaskExecutor'
2023-06-30 14:45:24 -Starting ServiceApplication on LAPTOP-LBEPBPBH with PID 79636 (E:\IntelliJ-IDEA-WorkPlace\im-system\service\target\classes started by 懒羊羊快递员 in E:\IntelliJ-IDEA-WorkPlace\im-system)
2023-06-30 14:45:24 -The following profiles are active: dev
2023-06-30 14:45:24 -Tomcat initialized with port(s): 8000 (http)
2023-06-30 14:45:24 -Initializing ProtocolHandler ["http-nio-8000"]
2023-06-30 14:45:24 -Starting service [Tomcat]
2023-06-30 14:45:24 -Starting Servlet engine: [Apache Tomcat/9.0.37]
2023-06-30 14:45:24 -Initializing Spring embedded WebApplicationContext
2023-06-30 14:45:24 -Root WebApplicationContext: initialization completed in 673 ms
2023-06-30 14:45:25 -Initializing ExecutorService 'applicationTaskExecutor'
2023-06-30 14:45:25 -Starting ProtocolHandler ["http-nio-8000"]
2023-06-30 14:45:25 -Tomcat started on port(s): 8000 (http) with context path ''
2023-06-30 14:45:25 -Started ServiceApplication in 1.927 seconds (JVM running for 2.868)
2023-06-30 14:48:22 -Initializing Spring DispatcherServlet 'dispatcherServlet'
2023-06-30 14:48:22 -Initializing Servlet 'dispatcherServlet'
2023-06-30 14:48:22 -Completed initialization in 4 ms
2023-06-30 14:48:22 -HikariPool-1 - Starting...
2023-06-30 14:48:22 -HikariPool-1 - Start completed.
2023-06-30 15:08:28 -Shutting down ExecutorService 'applicationTaskExecutor'
2023-06-30 15:08:28 -HikariPool-1 - Shutdown initiated...
2023-06-30 15:08:28 -HikariPool-1 - Shutdown completed.
2023-06-30 15:08:32 -Starting ServiceApplication on LAPTOP-LBEPBPBH with PID 21628 (E:\IntelliJ-IDEA-WorkPlace\im-system\service\target\classes started by 懒羊羊快递员 in E:\IntelliJ-IDEA-WorkPlace\im-system)
2023-06-30 15:08:32 -The following profiles are active: dev
2023-06-30 15:08:33 -Tomcat initialized with port(s): 8000 (http)
2023-06-30 15:08:33 -Initializing ProtocolHandler ["http-nio-8000"]
2023-06-30 15:08:33 -Starting service [Tomcat]
2023-06-30 15:08:33 -Starting Servlet engine: [Apache Tomcat/9.0.37]
2023-06-30 15:08:33 -Initializing Spring embedded WebApplicationContext
2023-06-30 15:08:33 -Root WebApplicationContext: initialization completed in 698 ms
2023-06-30 15:08:34 -Initializing ExecutorService 'applicationTaskExecutor'
2023-06-30 15:08:34 -Starting ProtocolHandler ["http-nio-8000"]
2023-06-30 15:08:34 -Tomcat started on port(s): 8000 (http) with context path ''
2023-06-30 15:08:34 -Started ServiceApplication in 1.857 seconds (JVM running for 2.399)
2023-06-30 15:09:52 -Initializing Spring DispatcherServlet 'dispatcherServlet'
2023-06-30 15:09:52 -Initializing Servlet 'dispatcherServlet'
2023-06-30 15:09:52 -Completed initialization in 4 ms
2023-06-30 15:09:52 -HikariPool-1 - Starting...
2023-06-30 15:09:52 -HikariPool-1 - Start completed.
2023-06-30 18:35:36 -Shutting down ExecutorService 'applicationTaskExecutor'
2023-06-30 18:35:36 -HikariPool-1 - Shutdown initiated...
2023-06-30 18:35:36 -HikariPool-1 - Shutdown completed.
